11:39:02 **** Build of configuration Nios II for project Sudokis ****
make help 
Summary of Makefile targets
  Build targets:
    all (default)     - Application and all libraries (including BSP)
    bsp               - Just the BSP
    libs              - All libraries (including BSP)
    flash             - All flash files
    mem_init_generate - All memory initialization files

  Clean targets:
    clean_all         - Application and all libraries (including BSP)
    clean             - Just the application
    clean_bsp         - Just the BSP
    clean_libs        - All libraries (including BSP)

  Run targets:
    download-elf      - Download and run your elf executable
    program-flash     - Program flash contents to the board
11:39:49 **** Clean-only build of configuration Nios II for project Sudokis1 ****
make clean 
[Sudokis1 clean complete]
11:40:31 **** Build of configuration Nios II for project Sudokis1 ****
make all 
Info: Building ../Sudokis_bsp/
C:/intelFPGA_lite/16.1/nios2eds/bin/gnu/H-x86_64-mingw32/bin/make --no-print-directory -C ../Sudokis_bsp/
[BSP build complete]
Info: Compiling testImage.c to obj/default/testImage.o
nios2-elf-gcc -xc -MP -MMD -c -I../Sudokis_bsp//HAL/inc -I../Sudokis_bsp/ -I../Sudokis_bsp//drivers/inc  -pipe -D__hal__ -DALT_NO_INSTRUCTION_EMULATION -DALT_SINGLE_THREADED    -O0 -g -Wall   -mhw-div -mcustom-fpu-cfg=60-2 -mhw-mul -mhw-mulx -mgpopt=global  -o obj/default/testImage.o testImage.c
Info: Compiling Image.cpp to obj/default/Image.o
nios2-elf-gcc -xc++ -MP -MMD -c -I../Sudokis_bsp//HAL/inc -I../Sudokis_bsp/ -I../Sudokis_bsp//drivers/inc  -pipe -D__hal__ -DALT_NO_INSTRUCTION_EMULATION -DALT_SINGLE_THREADED      -O0 -g -Wall   -mhw-div -mcustom-fpu-cfg=60-2 -mhw-mul -mhw-mulx -mgpopt=global  -o obj/default/Image.o Image.cpp
In file included from Image.cpp:8:0:
Image.h:28:23: warning: non-static data member initializers only available with -std=c++11 or -std=gnu++11
  uint8_t *imageData = 0;
                       ^
Info: Compiling Main.cpp to obj/default/Main.o
nios2-elf-gcc -xc++ -MP -MMD -c -I../Sudokis_bsp//HAL/inc -I../Sudokis_bsp/ -I../Sudokis_bsp//drivers/inc  -pipe -D__hal__ -DALT_NO_INSTRUCTION_EMULATION -DALT_SINGLE_THREADED      -O0 -g -Wall   -mhw-div -mcustom-fpu-cfg=60-2 -mhw-mul -mhw-mulx -mgpopt=global  -o obj/default/Main.o Main.cpp
In file included from SubImage.h:11:0,
                 from Main.h:22,
                 from Main.cpp:1:
Image.h:28:23: warning: non-static data member initializers only available with -std=c++11 or -std=gnu++11
  uint8_t *imageData = 0;
                       ^
Main.cpp: In function 'void init()':
Main.cpp:67:27: warning: format '%d' expects argument of type 'int', but argument 2 has type 'alt_up_video_dma_dev*' [-Wformat=]
  printf("text: %d\n", text);
                           ^
Main.cpp:67:27: warning: format '%d' expects argument of type 'int', but argument 2 has type 'alt_up_video_dma_dev*' [-Wformat=]
Main.cpp:68:37: warning: format '%d' expects argument of type 'int', but argument 2 has type 'alt_up_parallel_port_dev*' [-Wformat=]
  printf("greenLeds: %d\n", greenLeds);
                                     ^
Main.cpp:68:37: warning: format '%d' expects argument of type 'int', but argument 2 has type 'alt_up_parallel_port_dev*' [-Wformat=]
Main.cpp:69:37: warning: format '%d' expects argument of type 'int', but argument 2 has type 'alt_up_parallel_port_dev*' [-Wformat=]
  printf("expansion: %d\n", expansion);
                                     ^
Main.cpp:69:37: warning: format '%d' expects argument of type 'int', but argument 2 has type 'alt_up_parallel_port_dev*' [-Wformat=]
Main.cpp:70:33: warning: format '%d' expects argument of type 'int', but argument 2 has type 'alt_up_parallel_port_dev*' [-Wformat=]
  printf("redLeds: %d\n", redLeds);
                                 ^
Main.cpp:70:33: warning: format '%d' expects argument of type 'int', but argument 2 has type 'alt_up_parallel_port_dev*' [-Wformat=]
Main.cpp:71:23: warning: format '%x' expects argument of type 'unsigned int', but argument 2 has type 'alt_up_pixel_buffer_dma_dev*' [-Wformat=]
  printf("av: %x\n", av);
                       ^
Main.cpp:71:23: warning: format '%x' expects argument of type 'unsigned int', but argument 2 has type 'alt_up_pixel_buffer_dma_dev*' [-Wformat=]
Main.cpp:72:27: warning: format '%x' expects argument of type 'unsigned int', but argument 2 has type 'alt_up_parallel_port_dev*' [-Wformat=]
  printf("keys: %x\n", keys);
                           ^
Main.cpp:72:27: warning: format '%x' expects argument of type 'unsigned int', but argument 2 has type 'alt_up_parallel_port_dev*' [-Wformat=]
Main.cpp:73:35: warning: format '%x' expects argument of type 'unsigned int', but argument 2 has type 'alt_up_parallel_port_dev*' [-Wformat=]
  printf("switches: %x\n", switches);
                                   ^
Main.cpp:73:35: warning: format '%x' expects argument of type 'unsigned int', but argument 2 has type 'alt_up_parallel_port_dev*' [-Wformat=]
Main.cpp:99:20: error: 'image' was not declared in this scope
   Image newImage = image.extract();
                    ^
Main.cpp:110:25: warning: format '%d' expects argument of type 'int', but argument 2 has type 'long unsigned int' [-Wformat=]
   printf("%d\n",micros());
                         ^
Main.cpp:110:25: warning: format '%d' expects argument of type 'int', but argument 2 has type 'long unsigned int' [-Wformat=]
make: *** [obj/default/Main.o] Error 1
11:43:06 **** Clean-only build of configuration Nios II for project Sudokis ****
make clean 
[Sudokis clean complete]
11:44:11 **** Build of configuration Nios II for project Sudokis ****
make all 
Info: Building ../Sudokis_bsp/
C:/intelFPGA_lite/16.1/nios2eds/bin/gnu/H-x86_64-mingw32/bin/make --no-print-directory -C ../Sudokis_bsp/
[BSP build complete]
Info: Compiling Main.cpp to obj/default/Main.o
nios2-elf-gcc -xc++ -MP -MMD -c -I../Sudokis_bsp//HAL/inc -I../Sudokis_bsp/ -I../Sudokis_bsp//drivers/inc  -pipe -D__hal__ -DALT_NO_INSTRUCTION_EMULATION -DALT_SINGLE_THREADED      -O0 -g -Wall   -mhw-div -mcustom-fpu-cfg=60-2 -mhw-mul -mhw-mulx -mgpopt=global  -o obj/default/Main.o Main.cpp
Main.cpp:3:1: error: 'alt_up_parallel_port_dev' does not name a type
 alt_up_parallel_port_dev* greenLeds = alt_up_parallel_port_open_dev("/dev/Green_LEDs");
 ^
Main.cpp:4:1: error: 'alt_up_parallel_port_dev' does not name a type
 alt_up_parallel_port_dev* redLeds = alt_up_parallel_port_open_dev("/dev/Red_LEDs");
 ^
Main.cpp:5:1: error: 'alt_up_parallel_port_dev' does not name a type
 alt_up_parallel_port_dev* keys = alt_up_parallel_port_open_dev("/dev/Pushbuttons");
 ^
Main.cpp:6:1: error: 'alt_up_parallel_port_dev' does not name a type
 alt_up_parallel_port_dev* switches = alt_up_parallel_port_open_dev("/dev/Slider_Switches");
 ^
Main.cpp:7:1: error: 'alt_up_parallel_port_dev' does not name a type
 alt_up_parallel_port_dev* expansion = alt_up_parallel_port_open_dev("/dev/Expansion_JP5");
 ^
Main.cpp:8:1: error: 'alt_up_pixel_buffer_dma_dev' does not name a type
 alt_up_pixel_buffer_dma_dev* pb = alt_up_pixel_buffer_dma_open_dev("/dev/VGA_Subsystem_VGA_Pixel_DMA");
 ^
Main.cpp:9:1: error: 'alt_up_video_dma_dev' does not name a type
 alt_up_video_dma_dev* text = alt_up_video_dma_open_dev("/dev/VGA_Subsystem_Char_Buf_Subsystem_Char_Buf_DMA");
 ^
Main.cpp:10:1: error: 'alt_up_pixel_buffer_dma_dev' does not name a type
 alt_up_pixel_buffer_dma_dev* av = alt_up_pixel_buffer_dma_open_dev("/dev/Video_In_Subsystem_Video_In_DMA");
 ^
Main.cpp:11:1: error: 'alt_up_video_dma_dev' does not name a type
 alt_up_video_dma_dev* dma = alt_up_video_dma_open_dev("/dev/VGA_Subsystem_Char_Buf_Subsystem_Char_Buf_DMA");
 ^
Main.cpp:14:1: error: 'uint16_t' does not name a type
 uint16_t map(uint16_t x, uint16_t in_max, uint16_t out_max) {
 ^
Main.cpp: In function 'void startTimer()':
Main.cpp:19:7: error: 'timerBase' was not declared in this scope
  IOWR(timerBase,2,0xFFFF);
       ^
Main.cpp:19:25: error: 'IOWR' was not declared in this scope
  IOWR(timerBase,2,0xFFFF);
                         ^
Main.cpp:22:26: error: 'IORD' was not declared in this scope
  int n = IORD(timerBase,0);
                          ^
Main.cpp:25:20: error: 'printf' was not declared in this scope
          printf("1");
                    ^
Main.cpp:27:20: error: 'printf' was not declared in this scope
          printf("0");
                    ^
Main.cpp:31:13: error: 'printf' was not declared in this scope
  printf("\n");
             ^
Main.cpp: In function 'void drawPixel(int, int, bool)':
Main.cpp:41:31: error: 'pb' was not declared in this scope
  alt_up_pixel_buffer_dma_draw(pb,color,x,y);
                               ^
Main.cpp:41:43: error: 'alt_up_pixel_buffer_dma_draw' was not declared in this scope
  alt_up_pixel_buffer_dma_draw(pb,color,x,y);
                                           ^
Main.cpp: At global scope:
Main.cpp:44:31: error: 'uint16_t' has not been declared
 void drawPixelRaw(int x,int y,uint16_t value) {
                               ^
Main.cpp: In function 'void drawPixelRaw(int, int, int)':
Main.cpp:45:31: error: 'pb' was not declared in this scope
  alt_up_pixel_buffer_dma_draw(pb,value,x,y);
                               ^
Main.cpp:45:43: error: 'alt_up_pixel_buffer_dma_draw' was not declared in this scope
  alt_up_pixel_buffer_dma_draw(pb,value,x,y);
                                           ^
Main.cpp: At global scope:
Main.cpp:48:31: error: 'uint8_t' has not been declared
 void drawPixelRaw(int x,int y,uint8_t r, uint8_t g, uint8_t b) {
                               ^
Main.cpp:48:42: error: 'uint8_t' has not been declared
 void drawPixelRaw(int x,int y,uint8_t r, uint8_t g, uint8_t b) {
                                          ^
Main.cpp:48:53: error: 'uint8_t' has not been declared
 void drawPixelRaw(int x,int y,uint8_t r, uint8_t g, uint8_t b) {
                                                     ^
Main.cpp: In function 'void drawPixelRaw(int, int, int, int, int)':
Main.cpp:49:18: error: 'map' was not declared in this scope
  r = map(r,255,31);
                  ^
Main.cpp:52:2: error: 'uint16_t' was not declared in this scope
  uint16_t color = 0;
  ^
Main.cpp:53:2: error: 'color' was not declared in this scope
  color |= (r & 0b11111) << 11;
  ^
Main.cpp:56:31: error: 'pb' was not declared in this scope
  alt_up_pixel_buffer_dma_draw(pb,color,x,y);
                               ^
Main.cpp:56:43: error: 'alt_up_pixel_buffer_dma_draw' was not declared in this scope
  alt_up_pixel_buffer_dma_draw(pb,color,x,y);
                                           ^
Main.cpp: At global scope:
Main.cpp:59:1: error: 'uint16_t' does not name a type
 uint16_t readPixel(uint16_t x, uint16_t y) {
 ^
Main.cpp: In function 'void init()':
Main.cpp:67:23: error: 'text' was not declared in this scope
  printf("text: %d\n", text);
                       ^
Main.cpp:67:27: error: 'printf' was not declared in this scope
  printf("text: %d\n", text);
                           ^
Main.cpp:68:28: error: 'greenLeds' was not declared in this scope
  printf("greenLeds: %d\n", greenLeds);
                            ^
Main.cpp:69:28: error: 'expansion' was not declared in this scope
  printf("expansion: %d\n", expansion);
                            ^
Main.cpp:70:26: error: 'redLeds' was not declared in this scope
  printf("redLeds: %d\n", redLeds);
                          ^
Main.cpp:71:21: error: 'av' was not declared in this scope
  printf("av: %x\n", av);
                     ^
Main.cpp:72:23: error: 'keys' was not declared in this scope
  printf("keys: %x\n", keys);
                       ^
Main.cpp:73:27: error: 'switches' was not declared in this scope
  printf("switches: %x\n", switches);
                           ^
Main.cpp:78:45: error: 'alt_up_parallel_port_read_data' was not declared in this scope
   if(alt_up_parallel_port_read_data(switches) & (1 << 16)) {
                                             ^
Main.cpp:79:12: error: 'testOCR' was not declared in this scope
    testOCR();
            ^
Main.cpp:81:13: error: 'learnOCR' was not declared in this scope
    learnOCR();
             ^
Main.cpp:87:2: error: 'stepper' was not declared in this scope
  stepper stepper1 = stepper(1, 0, 1);
  ^
Main.cpp:88:2: error: 'stepper1' was not declared in this scope
  stepper1.setMaxSpeed(4000);
  ^
Main.cpp:92:8: error: 'sleep' was not declared in this scope
  sleep();
        ^
Main.cpp:97:40: error: 'pb' was not declared in this scope
   alt_up_pixel_buffer_dma_clear_screen(pb, 0);
                                        ^
Main.cpp:97:45: error: 'alt_up_pixel_buffer_dma_clear_screen' was not declared in this scope
   alt_up_pixel_buffer_dma_clear_screen(pb, 0);
                                             ^
Main.cpp:99:3: error: 'Image' was not declared in this scope
   Image newImage = image.extract();
   ^
Main.cpp:100:3: error: 'newImage' was not declared in this scope
   newImage.draw(0,0);
   ^
Main.cpp:106:17: error: 'usleep' was not declared in this scope
   usleep(1000000);
                 ^
Main.cpp:110:24: error: 'micros' was not declared in this scope
   printf("%d\n",micros());
                        ^
Main.cpp:111:52: error: 'alt_up_parallel_port_write_data' was not declared in this scope
   alt_up_parallel_port_write_data(redLeds, micros());
                                                    ^
Main.cpp: At global scope:
Main.cpp:124:14: error: variable or field 'pinMode' declared void
 void pinMode(uint8_t pin, uint8_t mode) {
              ^
Main.cpp:124:14: error: 'uint8_t' was not declared in this scope
Main.cpp:124:27: error: 'uint8_t' was not declared in this scope
 void pinMode(uint8_t pin, uint8_t mode) {
                           ^
make: *** [obj/default/Main.o] Error 1
11:44:38 **** Incremental Build of configuration Nios II for project Sudokis ****
make all 
Info: Building ../Sudokis_bsp/
C:/intelFPGA_lite/16.1/nios2eds/bin/gnu/H-x86_64-mingw32/bin/make --no-print-directory -C ../Sudokis_bsp/
[BSP build complete]
Info: Compiling Main.cpp to obj/default/Main.o
nios2-elf-gcc -xc++ -MP -MMD -c -I../Sudokis_bsp//HAL/inc -I../Sudokis_bsp/ -I../Sudokis_bsp//drivers/inc  -pipe -D__hal__ -DALT_NO_INSTRUCTION_EMULATION -DALT_SINGLE_THREADED      -O0 -g -Wall   -mhw-div -mcustom-fpu-cfg=60-2 -mhw-mul -mhw-mulx -mgpopt=global  -o obj/default/Main.o Main.cpp
In file included from Main.cpp:1:0:
Main.h:13:22: fatal error: typedefs.h: No such file or directory
compilation terminated.
make: *** [obj/default/Main.o] Error 1
11:45:00 **** Incremental Build of configuration Nios II for project Sudokis ****
make all 
Info: Building ../Sudokis_bsp/
C:/intelFPGA_lite/16.1/nios2eds/bin/gnu/H-x86_64-mingw32/bin/make --no-print-directory -C ../Sudokis_bsp/
[BSP build complete]
Info: Compiling Main.cpp to obj/default/Main.o
nios2-elf-gcc -xc++ -MP -MMD -c -I../Sudokis_bsp//HAL/inc -I../Sudokis_bsp/ -I../Sudokis_bsp//drivers/inc  -pipe -D__hal__ -DALT_NO_INSTRUCTION_EMULATION -DALT_SINGLE_THREADED      -O0 -g -Wall   -mhw-div -mcustom-fpu-cfg=60-2 -mhw-mul -mhw-mulx -mgpopt=global  -o obj/default/Main.o Main.cpp
In file included from Main.cpp:1:0:
Main.h:21:21: fatal error: stepper.h: No such file or directory
compilation terminated.
make: *** [obj/default/Main.o] Error 1
11:45:25 **** Incremental Build of configuration Nios II for project Sudokis ****
make all 
Info: Building ../Sudokis_bsp/
C:/intelFPGA_lite/16.1/nios2eds/bin/gnu/H-x86_64-mingw32/bin/make --no-print-directory -C ../Sudokis_bsp/
[BSP build complete]
Info: Compiling Main.cpp to obj/default/Main.o
nios2-elf-gcc -xc++ -MP -MMD -c -I../Sudokis_bsp//HAL/inc -I../Sudokis_bsp/ -I../Sudokis_bsp//drivers/inc  -pipe -D__hal__ -DALT_NO_INSTRUCTION_EMULATION -DALT_SINGLE_THREADED      -O0 -g -Wall   -mhw-div -mcustom-fpu-cfg=60-2 -mhw-mul -mhw-mulx -mgpopt=global  -o obj/default/Main.o Main.cpp
In file included from Main.cpp:1:0:
Main.h:22:22: fatal error: SubImage.h: No such file or directory
compilation terminated.
make: *** [obj/default/Main.o] Error 1
11:45:43 **** Incremental Build of configuration Nios II for project Sudokis ****
make all 
Info: Building ../Sudokis_bsp/
C:/intelFPGA_lite/16.1/nios2eds/bin/gnu/H-x86_64-mingw32/bin/make --no-print-directory -C ../Sudokis_bsp/
[BSP build complete]
Info: Compiling Main.cpp to obj/default/Main.o
nios2-elf-gcc -xc++ -MP -MMD -c -I../Sudokis_bsp//HAL/inc -I../Sudokis_bsp/ -I../Sudokis_bsp//drivers/inc  -pipe -D__hal__ -DALT_NO_INSTRUCTION_EMULATION -DALT_SINGLE_THREADED      -O0 -g -Wall   -mhw-div -mcustom-fpu-cfg=60-2 -mhw-mul -mhw-mulx -mgpopt=global  -o obj/default/Main.o Main.cpp
In file included from Main.h:22:0,
                 from Main.cpp:1:
SubImage.h:11:19: fatal error: Image.h: No such file or directory
compilation terminated.
make: *** [obj/default/Main.o] Error 1
11:45:59 **** Incremental Build of configuration Nios II for project Sudokis ****
make all 
Info: Building ../Sudokis_bsp/
C:/intelFPGA_lite/16.1/nios2eds/bin/gnu/H-x86_64-mingw32/bin/make --no-print-directory -C ../Sudokis_bsp/
[BSP build complete]
Info: Compiling Image.cpp to obj/default/Image.o
nios2-elf-gcc -xc++ -MP -MMD -c -I../Sudokis_bsp//HAL/inc -I../Sudokis_bsp/ -I../Sudokis_bsp//drivers/inc  -pipe -D__hal__ -DALT_NO_INSTRUCTION_EMULATION -DALT_SINGLE_THREADED      -O0 -g -Wall   -mhw-div -mcustom-fpu-cfg=60-2 -mhw-mul -mhw-mulx -mgpopt=global  -o obj/default/Image.o Image.cpp
In file included from Image.h:52:0,
                 from Image.cpp:8:
Main.h:24:17: fatal error: OCR.h: No such file or directory
compilation terminated.
make: *** [obj/default/Image.o] Error 1
11:47:08 **** Incremental Build of configuration Nios II for project Sudokis ****
make all 
Info: Building ../Sudokis_bsp/
C:/intelFPGA_lite/16.1/nios2eds/bin/gnu/H-x86_64-mingw32/bin/make --no-print-directory -C ../Sudokis_bsp/
[BSP build complete]
Info: Compiling Image.cpp to obj/default/Image.o
nios2-elf-gcc -xc++ -MP -MMD -c -I../Sudokis_bsp//HAL/inc -I../Sudokis_bsp/ -I../Sudokis_bsp//drivers/inc  -pipe -D__hal__ -DALT_NO_INSTRUCTION_EMULATION -DALT_SINGLE_THREADED      -O0 -g -Wall   -mhw-div -mcustom-fpu-cfg=60-2 -mhw-mul -mhw-mulx -mgpopt=global  -o obj/default/Image.o Image.cpp
In file included from Main.h:24:0,
                 from Image.h:52,
                 from Image.cpp:8:
OCR.h:13:28: fatal error: ReferenceImage.h: No such file or directory
compilation terminated.
make: *** [obj/default/Image.o] Error 1
11:47:28 **** Incremental Build of configuration Nios II for project Sudokis ****
make all 
Info: Building ../Sudokis_bsp/
C:/intelFPGA_lite/16.1/nios2eds/bin/gnu/H-x86_64-mingw32/bin/make --no-print-directory -C ../Sudokis_bsp/
[BSP build complete]
Info: Compiling Image.cpp to obj/default/Image.o
nios2-elf-gcc -xc++ -MP -MMD -c -I../Sudokis_bsp//HAL/inc -I../Sudokis_bsp/ -I../Sudokis_bsp//drivers/inc  -pipe -D__hal__ -DALT_NO_INSTRUCTION_EMULATION -DALT_SINGLE_THREADED      -O0 -g -Wall   -mhw-div -mcustom-fpu-cfg=60-2 -mhw-mul -mhw-mulx -mgpopt=global  -o obj/default/Image.o Image.cpp
In file included from Image.h:52:0,
                 from Image.cpp:8:
Main.h:26:23: fatal error: testImage.c: No such file or directory
compilation terminated.
make: *** [obj/default/Image.o] Error 1
11:47:44 **** Incremental Build of configuration Nios II for project Sudokis ****
make all 
Info: Building ../Sudokis_bsp/
C:/intelFPGA_lite/16.1/nios2eds/bin/gnu/H-x86_64-mingw32/bin/make --no-print-directory -C ../Sudokis_bsp/
[BSP build complete]
Info: Compiling Image.cpp to obj/default/Image.o
nios2-elf-gcc -xc++ -MP -MMD -c -I../Sudokis_bsp//HAL/inc -I../Sudokis_bsp/ -I../Sudokis_bsp//drivers/inc  -pipe -D__hal__ -DALT_NO_INSTRUCTION_EMULATION -DALT_SINGLE_THREADED      -O0 -g -Wall   -mhw-div -mcustom-fpu-cfg=60-2 -mhw-mul -mhw-mulx -mgpopt=global  -o obj/default/Image.o Image.cpp
In file included from Image.cpp:8:0:
Image.h:28:23: warning: non-static data member initializers only available with -std=c++11 or -std=gnu++11
  uint8_t *imageData = 0;
                       ^
Info: Compiling Main.cpp to obj/default/Main.o
nios2-elf-gcc -xc++ -MP -MMD -c -I../Sudokis_bsp//HAL/inc -I../Sudokis_bsp/ -I../Sudokis_bsp//drivers/inc  -pipe -D__hal__ -DALT_NO_INSTRUCTION_EMULATION -DALT_SINGLE_THREADED      -O0 -g -Wall   -mhw-div -mcustom-fpu-cfg=60-2 -mhw-mul -mhw-mulx -mgpopt=global  -o obj/default/Main.o Main.cpp
In file included from SubImage.h:11:0,
                 from Main.h:22,
                 from Main.cpp:1:
Image.h:28:23: warning: non-static data member initializers only available with -std=c++11 or -std=gnu++11
  uint8_t *imageData = 0;
                       ^
Main.cpp: In function 'void init()':
Main.cpp:67:27: warning: format '%d' expects argument of type 'int', but argument 2 has type 'alt_up_video_dma_dev*' [-Wformat=]
  printf("text: %d\n", text);
                           ^
Main.cpp:67:27: warning: format '%d' expects argument of type 'int', but argument 2 has type 'alt_up_video_dma_dev*' [-Wformat=]
Main.cpp:68:37: warning: format '%d' expects argument of type 'int', but argument 2 has type 'alt_up_parallel_port_dev*' [-Wformat=]
  printf("greenLeds: %d\n", greenLeds);
                                     ^
Main.cpp:68:37: warning: format '%d' expects argument of type 'int', but argument 2 has type 'alt_up_parallel_port_dev*' [-Wformat=]
Main.cpp:69:37: warning: format '%d' expects argument of type 'int', but argument 2 has type 'alt_up_parallel_port_dev*' [-Wformat=]
  printf("expansion: %d\n", expansion);
                                     ^
Main.cpp:69:37: warning: format '%d' expects argument of type 'int', but argument 2 has type 'alt_up_parallel_port_dev*' [-Wformat=]
Main.cpp:70:33: warning: format '%d' expects argument of type 'int', but argument 2 has type 'alt_up_parallel_port_dev*' [-Wformat=]
  printf("redLeds: %d\n", redLeds);
                                 ^
Main.cpp:70:33: warning: format '%d' expects argument of type 'int', but argument 2 has type 'alt_up_parallel_port_dev*' [-Wformat=]
Main.cpp:71:23: warning: format '%x' expects argument of type 'unsigned int', but argument 2 has type 'alt_up_pixel_buffer_dma_dev*' [-Wformat=]
  printf("av: %x\n", av);
                       ^
Main.cpp:71:23: warning: format '%x' expects argument of type 'unsigned int', but argument 2 has type 'alt_up_pixel_buffer_dma_dev*' [-Wformat=]
Main.cpp:72:27: warning: format '%x' expects argument of type 'unsigned int', but argument 2 has type 'alt_up_parallel_port_dev*' [-Wformat=]
  printf("keys: %x\n", keys);
                           ^
Main.cpp:72:27: warning: format '%x' expects argument of type 'unsigned int', but argument 2 has type 'alt_up_parallel_port_dev*' [-Wformat=]
Main.cpp:73:35: warning: format '%x' expects argument of type 'unsigned int', but argument 2 has type 'alt_up_parallel_port_dev*' [-Wformat=]
  printf("switches: %x\n", switches);
                                   ^
Main.cpp:73:35: warning: format '%x' expects argument of type 'unsigned int', but argument 2 has type 'alt_up_parallel_port_dev*' [-Wformat=]
Main.cpp:99:20: error: 'image' was not declared in this scope
   Image newImage = image.extract();
                    ^
Main.cpp:110:25: warning: format '%d' expects argument of type 'int', but argument 2 has type 'long unsigned int' [-Wformat=]
   printf("%d\n",micros());
                         ^
Main.cpp:110:25: warning: format '%d' expects argument of type 'int', but argument 2 has type 'long unsigned int' [-Wformat=]
make: *** [obj/default/Main.o] Error 1
11:47:54 **** Incremental Build of configuration Nios II for project Sudokis ****
make all 
Info: Building ../Sudokis_bsp/
C:/intelFPGA_lite/16.1/nios2eds/bin/gnu/H-x86_64-mingw32/bin/make --no-print-directory -C ../Sudokis_bsp/
[BSP build complete]
Info: Compiling Main.cpp to obj/default/Main.o
nios2-elf-gcc -xc++ -MP -MMD -c -I../Sudokis_bsp//HAL/inc -I../Sudokis_bsp/ -I../Sudokis_bsp//drivers/inc  -pipe -D__hal__ -DALT_NO_INSTRUCTION_EMULATION -DALT_SINGLE_THREADED      -O0 -g -Wall   -mhw-div -mcustom-fpu-cfg=60-2 -mhw-mul -mhw-mulx -mgpopt=global  -o obj/default/Main.o Main.cpp
In file included from SubImage.h:11:0,
                 from Main.h:22,
                 from Main.cpp:1:
Image.h:28:23: warning: non-static data member initializers only available with -std=c++11 or -std=gnu++11
  uint8_t *imageData = 0;
                       ^
Main.cpp: In function 'void init()':
Main.cpp:67:27: warning: format '%d' expects argument of type 'int', but argument 2 has type 'alt_up_video_dma_dev*' [-Wformat=]
  printf("text: %d\n", text);
                           ^
Main.cpp:67:27: warning: format '%d' expects argument of type 'int', but argument 2 has type 'alt_up_video_dma_dev*' [-Wformat=]
Main.cpp:68:37: warning: format '%d' expects argument of type 'int', but argument 2 has type 'alt_up_parallel_port_dev*' [-Wformat=]
  printf("greenLeds: %d\n", greenLeds);
                                     ^
Main.cpp:68:37: warning: format '%d' expects argument of type 'int', but argument 2 has type 'alt_up_parallel_port_dev*' [-Wformat=]
Main.cpp:69:37: warning: format '%d' expects argument of type 'int', but argument 2 has type 'alt_up_parallel_port_dev*' [-Wformat=]
  printf("expansion: %d\n", expansion);
                                     ^
Main.cpp:69:37: warning: format '%d' expects argument of type 'int', but argument 2 has type 'alt_up_parallel_port_dev*' [-Wformat=]
Main.cpp:70:33: warning: format '%d' expects argument of type 'int', but argument 2 has type 'alt_up_parallel_port_dev*' [-Wformat=]
  printf("redLeds: %d\n", redLeds);
                                 ^
Main.cpp:70:33: warning: format '%d' expects argument of type 'int', but argument 2 has type 'alt_up_parallel_port_dev*' [-Wformat=]
Main.cpp:71:23: warning: format '%x' expects argument of type 'unsigned int', but argument 2 has type 'alt_up_pixel_buffer_dma_dev*' [-Wformat=]
  printf("av: %x\n", av);
                       ^
Main.cpp:71:23: warning: format '%x' expects argument of type 'unsigned int', but argument 2 has type 'alt_up_pixel_buffer_dma_dev*' [-Wformat=]
Main.cpp:72:27: warning: format '%x' expects argument of type 'unsigned int', but argument 2 has type 'alt_up_parallel_port_dev*' [-Wformat=]
  printf("keys: %x\n", keys);
                           ^
Main.cpp:72:27: warning: format '%x' expects argument of type 'unsigned int', but argument 2 has type 'alt_up_parallel_port_dev*' [-Wformat=]
Main.cpp:73:35: warning: format '%x' expects argument of type 'unsigned int', but argument 2 has type 'alt_up_parallel_port_dev*' [-Wformat=]
  printf("switches: %x\n", switches);
                                   ^
Main.cpp:73:35: warning: format '%x' expects argument of type 'unsigned int', but argument 2 has type 'alt_up_parallel_port_dev*' [-Wformat=]
Main.cpp:99:20: error: 'image' was not declared in this scope
   Image newImage = image.extract();
                    ^
Main.cpp:110:25: warning: format '%d' expects argument of type 'int', but argument 2 has type 'long unsigned int' [-Wformat=]
   printf("%d\n",micros());
                         ^
Main.cpp:110:25: warning: format '%d' expects argument of type 'int', but argument 2 has type 'long unsigned int' [-Wformat=]
make: *** [obj/default/Main.o] Error 1
11:48:13 **** Incremental Build of configuration Nios II for project Sudokis ****
make all 
Info: Building ../Sudokis_bsp/
C:/intelFPGA_lite/16.1/nios2eds/bin/gnu/H-x86_64-mingw32/bin/make --no-print-directory -C ../Sudokis_bsp/
[BSP build complete]
Info: Compiling Main.cpp to obj/default/Main.o
nios2-elf-gcc -xc++ -MP -MMD -c -I../Sudokis_bsp//HAL/inc -I../Sudokis_bsp/ -I../Sudokis_bsp//drivers/inc  -pipe -D__hal__ -DALT_NO_INSTRUCTION_EMULATION -DALT_SINGLE_THREADED      -O0 -g -Wall   -mhw-div -mcustom-fpu-cfg=60-2 -mhw-mul -mhw-mulx -mgpopt=global  -o obj/default/Main.o Main.cpp
In file included from SubImage.h:11:0,
                 from Main.h:22,
                 from Main.cpp:1:
Image.h:28:23: warning: non-static data member initializers only available with -std=c++11 or -std=gnu++11
  uint8_t *imageData = 0;
                       ^
Main.cpp: In function 'void init()':
Main.cpp:67:27: warning: format '%d' expects argument of type 'int', but argument 2 has type 'alt_up_video_dma_dev*' [-Wformat=]
  printf("text: %d\n", text);
                           ^
Main.cpp:67:27: warning: format '%d' expects argument of type 'int', but argument 2 has type 'alt_up_video_dma_dev*' [-Wformat=]
Main.cpp:68:37: warning: format '%d' expects argument of type 'int', but argument 2 has type 'alt_up_parallel_port_dev*' [-Wformat=]
  printf("greenLeds: %d\n", greenLeds);
                                     ^
Main.cpp:68:37: warning: format '%d' expects argument of type 'int', but argument 2 has type 'alt_up_parallel_port_dev*' [-Wformat=]
Main.cpp:69:37: warning: format '%d' expects argument of type 'int', but argument 2 has type 'alt_up_parallel_port_dev*' [-Wformat=]
  printf("expansion: %d\n", expansion);
                                     ^
Main.cpp:69:37: warning: format '%d' expects argument of type 'int', but argument 2 has type 'alt_up_parallel_port_dev*' [-Wformat=]
Main.cpp:70:33: warning: format '%d' expects argument of type 'int', but argument 2 has type 'alt_up_parallel_port_dev*' [-Wformat=]
  printf("redLeds: %d\n", redLeds);
                                 ^
Main.cpp:70:33: warning: format '%d' expects argument of type 'int', but argument 2 has type 'alt_up_parallel_port_dev*' [-Wformat=]
Main.cpp:71:23: warning: format '%x' expects argument of type 'unsigned int', but argument 2 has type 'alt_up_pixel_buffer_dma_dev*' [-Wformat=]
  printf("av: %x\n", av);
                       ^
Main.cpp:71:23: warning: format '%x' expects argument of type 'unsigned int', but argument 2 has type 'alt_up_pixel_buffer_dma_dev*' [-Wformat=]
Main.cpp:72:27: warning: format '%x' expects argument of type 'unsigned int', but argument 2 has type 'alt_up_parallel_port_dev*' [-Wformat=]
  printf("keys: %x\n", keys);
                           ^
Main.cpp:72:27: warning: format '%x' expects argument of type 'unsigned int', but argument 2 has type 'alt_up_parallel_port_dev*' [-Wformat=]
Main.cpp:73:35: warning: format '%x' expects argument of type 'unsigned int', but argument 2 has type 'alt_up_parallel_port_dev*' [-Wformat=]
  printf("switches: %x\n", switches);
                                   ^
Main.cpp:73:35: warning: format '%x' expects argument of type 'unsigned int', but argument 2 has type 'alt_up_parallel_port_dev*' [-Wformat=]
Main.cpp:99:20: error: 'image' was not declared in this scope
   Image newImage = image.extract();
                    ^
Main.cpp:110:25: warning: format '%d' expects argument of type 'int', but argument 2 has type 'long unsigned int' [-Wformat=]
   printf("%d\n",micros());
                         ^
Main.cpp:110:25: warning: format '%d' expects argument of type 'int', but argument 2 has type 'long unsigned int' [-Wformat=]
make: *** [obj/default/Main.o] Error 1
11:48:24 **** Incremental Build of configuration Nios II for project Sudokis ****
make all 
Info: Building ../Sudokis_bsp/
C:/intelFPGA_lite/16.1/nios2eds/bin/gnu/H-x86_64-mingw32/bin/make --no-print-directory -C ../Sudokis_bsp/
[BSP build complete]
Info: Compiling Main.cpp to obj/default/Main.o
nios2-elf-gcc -xc++ -MP -MMD -c -I../Sudokis_bsp//HAL/inc -I../Sudokis_bsp/ -I../Sudokis_bsp//drivers/inc  -pipe -D__hal__ -DALT_NO_INSTRUCTION_EMULATION -DALT_SINGLE_THREADED      -O0 -g -Wall   -mhw-div -mcustom-fpu-cfg=60-2 -mhw-mul -mhw-mulx -mgpopt=global  -o obj/default/Main.o Main.cpp
In file included from SubImage.h:11:0,
                 from Main.h:22,
                 from Main.cpp:1:
Image.h:28:23: warning: non-static data member initializers only available with -std=c++11 or -std=gnu++11
  uint8_t *imageData = 0;
                       ^
Main.cpp: In function 'void init()':
Main.cpp:67:27: warning: format '%d' expects argument of type 'int', but argument 2 has type 'alt_up_video_dma_dev*' [-Wformat=]
  printf("text: %d\n", text);
                           ^
Main.cpp:67:27: warning: format '%d' expects argument of type 'int', but argument 2 has type 'alt_up_video_dma_dev*' [-Wformat=]
Main.cpp:68:37: warning: format '%d' expects argument of type 'int', but argument 2 has type 'alt_up_parallel_port_dev*' [-Wformat=]
  printf("greenLeds: %d\n", greenLeds);
                                     ^
Main.cpp:68:37: warning: format '%d' expects argument of type 'int', but argument 2 has type 'alt_up_parallel_port_dev*' [-Wformat=]
Main.cpp:69:37: warning: format '%d' expects argument of type 'int', but argument 2 has type 'alt_up_parallel_port_dev*' [-Wformat=]
  printf("expansion: %d\n", expansion);
                                     ^
Main.cpp:69:37: warning: format '%d' expects argument of type 'int', but argument 2 has type 'alt_up_parallel_port_dev*' [-Wformat=]
Main.cpp:70:33: warning: format '%d' expects argument of type 'int', but argument 2 has type 'alt_up_parallel_port_dev*' [-Wformat=]
  printf("redLeds: %d\n", redLeds);
                                 ^
Main.cpp:70:33: warning: format '%d' expects argument of type 'int', but argument 2 has type 'alt_up_parallel_port_dev*' [-Wformat=]
Main.cpp:71:23: warning: format '%x' expects argument of type 'unsigned int', but argument 2 has type 'alt_up_pixel_buffer_dma_dev*' [-Wformat=]
  printf("av: %x\n", av);
                       ^
Main.cpp:71:23: warning: format '%x' expects argument of type 'unsigned int', but argument 2 has type 'alt_up_pixel_buffer_dma_dev*' [-Wformat=]
Main.cpp:72:27: warning: format '%x' expects argument of type 'unsigned int', but argument 2 has type 'alt_up_parallel_port_dev*' [-Wformat=]
  printf("keys: %x\n", keys);
                           ^
Main.cpp:72:27: warning: format '%x' expects argument of type 'unsigned int', but argument 2 has type 'alt_up_parallel_port_dev*' [-Wformat=]
Main.cpp:73:35: warning: format '%x' expects argument of type 'unsigned int', but argument 2 has type 'alt_up_parallel_port_dev*' [-Wformat=]
  printf("switches: %x\n", switches);
                                   ^
Main.cpp:73:35: warning: format '%x' expects argument of type 'unsigned int', but argument 2 has type 'alt_up_parallel_port_dev*' [-Wformat=]
Main.cpp:99:20: error: 'image' was not declared in this scope
   Image newImage = image.extract();
                    ^
Main.cpp:110:25: warning: format '%d' expects argument of type 'int', but argument 2 has type 'long unsigned int' [-Wformat=]
   printf("%d\n",micros());
                         ^
Main.cpp:110:25: warning: format '%d' expects argument of type 'int', but argument 2 has type 'long unsigned int' [-Wformat=]
make: *** [obj/default/Main.o] Error 1
11:48:34 **** Incremental Build of configuration Nios II for project Sudokis ****
make all 
Info: Building ../Sudokis_bsp/
C:/intelFPGA_lite/16.1/nios2eds/bin/gnu/H-x86_64-mingw32/bin/make --no-print-directory -C ../Sudokis_bsp/
[BSP build complete]
Info: Compiling Main.cpp to obj/default/Main.o
nios2-elf-gcc -xc++ -MP -MMD -c -I../Sudokis_bsp//HAL/inc -I../Sudokis_bsp/ -I../Sudokis_bsp//drivers/inc  -pipe -D__hal__ -DALT_NO_INSTRUCTION_EMULATION -DALT_SINGLE_THREADED      -O0 -g -Wall   -mhw-div -mcustom-fpu-cfg=60-2 -mhw-mul -mhw-mulx -mgpopt=global  -o obj/default/Main.o Main.cpp
In file included from SubImage.h:11:0,
                 from Main.h:22,
                 from Main.cpp:1:
Image.h:28:23: warning: non-static data member initializers only available with -std=c++11 or -std=gnu++11
  uint8_t *imageData = 0;
                       ^
Main.cpp: In function 'void init()':
Main.cpp:67:27: warning: format '%d' expects argument of type 'int', but argument 2 has type 'alt_up_video_dma_dev*' [-Wformat=]
  printf("text: %d\n", text);
                           ^
Main.cpp:67:27: warning: format '%d' expects argument of type 'int', but argument 2 has type 'alt_up_video_dma_dev*' [-Wformat=]
Main.cpp:68:37: warning: format '%d' expects argument of type 'int', but argument 2 has type 'alt_up_parallel_port_dev*' [-Wformat=]
  printf("greenLeds: %d\n", greenLeds);
                                     ^
Main.cpp:68:37: warning: format '%d' expects argument of type 'int', but argument 2 has type 'alt_up_parallel_port_dev*' [-Wformat=]
Main.cpp:69:37: warning: format '%d' expects argument of type 'int', but argument 2 has type 'alt_up_parallel_port_dev*' [-Wformat=]
  printf("expansion: %d\n", expansion);
                                     ^
Main.cpp:69:37: warning: format '%d' expects argument of type 'int', but argument 2 has type 'alt_up_parallel_port_dev*' [-Wformat=]
Main.cpp:70:33: warning: format '%d' expects argument of type 'int', but argument 2 has type 'alt_up_parallel_port_dev*' [-Wformat=]
  printf("redLeds: %d\n", redLeds);
                                 ^
Main.cpp:70:33: warning: format '%d' expects argument of type 'int', but argument 2 has type 'alt_up_parallel_port_dev*' [-Wformat=]
Main.cpp:71:23: warning: format '%x' expects argument of type 'unsigned int', but argument 2 has type 'alt_up_pixel_buffer_dma_dev*' [-Wformat=]
  printf("av: %x\n", av);
                       ^
Main.cpp:71:23: warning: format '%x' expects argument of type 'unsigned int', but argument 2 has type 'alt_up_pixel_buffer_dma_dev*' [-Wformat=]
Main.cpp:72:27: warning: format '%x' expects argument of type 'unsigned int', but argument 2 has type 'alt_up_parallel_port_dev*' [-Wformat=]
  printf("keys: %x\n", keys);
                           ^
Main.cpp:72:27: warning: format '%x' expects argument of type 'unsigned int', but argument 2 has type 'alt_up_parallel_port_dev*' [-Wformat=]
Main.cpp:73:35: warning: format '%x' expects argument of type 'unsigned int', but argument 2 has type 'alt_up_parallel_port_dev*' [-Wformat=]
  printf("switches: %x\n", switches);
                                   ^
Main.cpp:73:35: warning: format '%x' expects argument of type 'unsigned int', but argument 2 has type 'alt_up_parallel_port_dev*' [-Wformat=]
Main.cpp:95:25: warning: format '%d' expects argument of type 'int', but argument 2 has type 'long unsigned int' [-Wformat=]
   printf("%d\n",micros());
                         ^
Main.cpp:95:25: warning: format '%d' expects argument of type 'int', but argument 2 has type 'long unsigned int' [-Wformat=]
Info: Compiling OCR.cpp to obj/default/OCR.o
nios2-elf-gcc -xc++ -MP -MMD -c -I../Sudokis_bsp//HAL/inc -I../Sudokis_bsp/ -I../Sudokis_bsp//drivers/inc  -pipe -D__hal__ -DALT_NO_INSTRUCTION_EMULATION -DALT_SINGLE_THREADED      -O0 -g -Wall   -mhw-div -mcustom-fpu-cfg=60-2 -mhw-mul -mhw-mulx -mgpopt=global  -o obj/default/OCR.o OCR.cpp
In file included from ReferenceImage.h:34:0,
                 from OCR.h:13,
                 from OCR.cpp:8:
Image.h:28:23: warning: non-static data member initializers only available with -std=c++11 or -std=gnu++11
  uint8_t *imageData = 0;
                       ^
Info: Compiling ReferenceImage.cpp to obj/default/ReferenceImage.o
nios2-elf-gcc -xc++ -MP -MMD -c -I../Sudokis_bsp//HAL/inc -I../Sudokis_bsp/ -I../Sudokis_bsp//drivers/inc  -pipe -D__hal__ -DALT_NO_INSTRUCTION_EMULATION -DALT_SINGLE_THREADED      -O0 -g -Wall   -mhw-div -mcustom-fpu-cfg=60-2 -mhw-mul -mhw-mulx -mgpopt=global  -o obj/default/ReferenceImage.o ReferenceImage.cpp
In file included from ReferenceImage.h:34:0,
                 from ReferenceImage.cpp:8:
Image.h:28:23: warning: non-static data member initializers only available with -std=c++11 or -std=gnu++11
  uint8_t *imageData = 0;
                       ^
Info: Compiling SubImage.cpp to obj/default/SubImage.o
nios2-elf-gcc -xc++ -MP -MMD -c -I../Sudokis_bsp//HAL/inc -I../Sudokis_bsp/ -I../Sudokis_bsp//drivers/inc  -pipe -D__hal__ -DALT_NO_INSTRUCTION_EMULATION -DALT_SINGLE_THREADED      -O0 -g -Wall   -mhw-div -mcustom-fpu-cfg=60-2 -mhw-mul -mhw-mulx -mgpopt=global  -o obj/default/SubImage.o SubImage.cpp
In file included from SubImage.h:11:0,
                 from SubImage.cpp:8:
Image.h:28:23: warning: non-static data member initializers only available with -std=c++11 or -std=gnu++11
  uint8_t *imageData = 0;
                       ^
Info: Compiling stepper.cpp to obj/default/stepper.o
nios2-elf-gcc -xc++ -MP -MMD -c -I../Sudokis_bsp//HAL/inc -I../Sudokis_bsp/ -I../Sudokis_bsp//drivers/inc  -pipe -D__hal__ -DALT_NO_INSTRUCTION_EMULATION -DALT_SINGLE_THREADED      -O0 -g -Wall   -mhw-div -mcustom-fpu-cfg=60-2 -mhw-mul -mhw-mulx -mgpopt=global  -o obj/default/stepper.o stepper.cpp
In file included from SubImage.h:11:0,
                 from Main.h:22,
                 from stepper.h:5,
                 from stepper.cpp:6:
Image.h:28:23: warning: non-static data member initializers only available with -std=c++11 or -std=gnu++11
  uint8_t *imageData = 0;
                       ^
Info: Linking Sudokis.elf
nios2-elf-g++  -T'../Sudokis_bsp//linker.x' -msys-crt0='../Sudokis_bsp//obj/HAL/src/crt0.o' -msys-lib=hal_bsp -L../Sudokis_bsp/  -mcustom-fpu-cfg=60-2  -Wl,-Map=Sudokis.map   -O0 -g -Wall   -mhw-div -mcustom-fpu-cfg=60-2 -mhw-mul -mhw-mulx -mgpopt=global  -o Sudokis.elf obj/default/Image.o obj/default/Main.o obj/default/OCR.o obj/default/ReferenceImage.o obj/default/SubImage.o obj/default/stepper.o -lm -msys-lib=m
../Sudokis_bsp/\libhal_bsp.a(alt_main.o): In function `alt_main':
C:\Users\gerja\Desktop\sudokis\sudokis\Code\Sudokis_bsp/HAL/src/alt_main.c:154: undefined reference to `main'
collect2.exe: error: ld returned 1 exit status
make: *** [Sudokis.elf] Error 1
11:49:06 **** Incremental Build of configuration Nios II for project Sudokis ****
make all 
Info: Building ../Sudokis_bsp/
C:/intelFPGA_lite/16.1/nios2eds/bin/gnu/H-x86_64-mingw32/bin/make --no-print-directory -C ../Sudokis_bsp/
[BSP build complete]
Info: Compiling hello_world.cpp to obj/default/hello_world.o
nios2-elf-gcc -xc++ -MP -MMD -c -I../Sudokis_bsp//HAL/inc -I../Sudokis_bsp/ -I../Sudokis_bsp//drivers/inc  -pipe -D__hal__ -DALT_NO_INSTRUCTION_EMULATION -DALT_SINGLE_THREADED      -O0 -g -Wall   -mhw-div -mcustom-fpu-cfg=60-2 -mhw-mul -mhw-mulx -mgpopt=global  -o obj/default/hello_world.o hello_world.cpp
hello_world.cpp:18:18: fatal error: file.h: No such file or directory
compilation terminated.
make: *** [obj/default/hello_world.o] Error 1
11:49:21 **** Incremental Build of configuration Nios II for project Sudokis ****
make all 
Info: Building ../Sudokis_bsp/
C:/intelFPGA_lite/16.1/nios2eds/bin/gnu/H-x86_64-mingw32/bin/make --no-print-directory -C ../Sudokis_bsp/
[BSP build complete]
Info: Compiling hello_world.cpp to obj/default/hello_world.o
nios2-elf-gcc -xc++ -MP -MMD -c -I../Sudokis_bsp//HAL/inc -I../Sudokis_bsp/ -I../Sudokis_bsp//drivers/inc  -pipe -D__hal__ -DALT_NO_INSTRUCTION_EMULATION -DALT_SINGLE_THREADED      -O0 -g -Wall   -mhw-div -mcustom-fpu-cfg=60-2 -mhw-mul -mhw-mulx -mgpopt=global  -o obj/default/hello_world.o hello_world.cpp
hello_world.cpp:18:18: fatal error: file.h: No such file or directory
compilation terminated.
make: *** [obj/default/hello_world.o] Error 1
11:49:36 **** Incremental Build of configuration Nios II for project Sudokis ****
make all 
Info: Building ../Sudokis_bsp/
C:/intelFPGA_lite/16.1/nios2eds/bin/gnu/H-x86_64-mingw32/bin/make --no-print-directory -C ../Sudokis_bsp/
[BSP build complete]
Info: Compiling hello_world.cpp to obj/default/hello_world.o
nios2-elf-gcc -xc++ -MP -MMD -c -I../Sudokis_bsp//HAL/inc -I../Sudokis_bsp/ -I../Sudokis_bsp//drivers/inc  -pipe -D__hal__ -DALT_NO_INSTRUCTION_EMULATION -DALT_SINGLE_THREADED      -O0 -g -Wall   -mhw-div -mcustom-fpu-cfg=60-2 -mhw-mul -mhw-mulx -mgpopt=global  -o obj/default/hello_world.o hello_world.cpp
hello_world.cpp:18:18: fatal error: file.h: No such file or directory
compilation terminated.
make: *** [obj/default/hello_world.o] Error 1
11:49:46 **** Incremental Build of configuration Nios II for project Sudokis ****
make all 
Info: Building ../Sudokis_bsp/
C:/intelFPGA_lite/16.1/nios2eds/bin/gnu/H-x86_64-mingw32/bin/make --no-print-directory -C ../Sudokis_bsp/
[BSP build complete]
Info: Compiling hello_world.cpp to obj/default/hello_world.o
nios2-elf-gcc -xc++ -MP -MMD -c -I../Sudokis_bsp//HAL/inc -I../Sudokis_bsp/ -I../Sudokis_bsp//drivers/inc  -pipe -D__hal__ -DALT_NO_INSTRUCTION_EMULATION -DALT_SINGLE_THREADED      -O0 -g -Wall   -mhw-div -mcustom-fpu-cfg=60-2 -mhw-mul -mhw-mulx -mgpopt=global  -o obj/default/hello_world.o hello_world.cpp
In file included from SubImage.h:11:0,
                 from Main.h:22,
                 from hello_world.cpp:17:
Image.h:28:23: warning: non-static data member initializers only available with -std=c++11 or -std=gnu++11
  uint8_t *imageData = 0;
                       ^
Info: Linking Sudokis.elf
nios2-elf-g++  -T'../Sudokis_bsp//linker.x' -msys-crt0='../Sudokis_bsp//obj/HAL/src/crt0.o' -msys-lib=hal_bsp -L../Sudokis_bsp/  -mcustom-fpu-cfg=60-2  -Wl,-Map=Sudokis.map   -O0 -g -Wall   -mhw-div -mcustom-fpu-cfg=60-2 -mhw-mul -mhw-mulx -mgpopt=global  -o Sudokis.elf obj/default/Image.o obj/default/Main.o obj/default/OCR.o obj/default/ReferenceImage.o obj/default/SubImage.o obj/default/hello_world.o obj/default/stepper.o -lm -msys-lib=m
nios2-elf-insert Sudokis.elf --thread_model hal --cpu_name Nios2 --qsys true --simulation_enabled false --id 0 --sidp 0x10002020 --timestamp 1482343707 --stderr_dev JTAG_UART --stdin_dev JTAG_UART --stdout_dev JTAG_UART --sopc_system_name nios_system --jdi C:/intelFPGA_lite/16.1/University_Program/Computer_Systems/DE2-115/DE2-115_Media_Computer/verilog/DE2_115_Media_Computer.jdi --sopcinfo C:/intelFPGA_lite/16.1/University_Program/Computer_Systems/DE2-115/DE2-115_Media_Computer/verilog/nios_system.sopcinfo
Info: (Sudokis.elf) 125 KBytes program size (code + initialized data).
Info:               65398 KBytes free for stack + heap.
Info: Creating Sudokis.objdump
nios2-elf-objdump --disassemble --syms --all-header Sudokis.elf >Sudokis.objdump
[Sudokis build complete]
11:50:09 **** Build of configuration Nios II for project Sudokis ****
make all 
Info: Building ../Sudokis_bsp/
C:/intelFPGA_lite/16.1/nios2eds/bin/gnu/H-x86_64-mingw32/bin/make --no-print-directory -C ../Sudokis_bsp/
[BSP build complete]
[Sudokis build complete]
11:50:12 **** Incremental Build of configuration Nios II for project Sudokis ****
make all 
Info: Building ../Sudokis_bsp/
C:/intelFPGA_lite/16.1/nios2eds/bin/gnu/H-x86_64-mingw32/bin/make --no-print-directory -C ../Sudokis_bsp/
[BSP build complete]
[Sudokis build complete]
